/*C13*/SET SCHEMA PUBLIC
DISCONNECT
/*C14*/SET SCHEMA PUBLIC
DISCONNECT
/*C15*/SET SCHEMA PUBLIC
DISCONNECT
/*C16*/SET SCHEMA PUBLIC
DISCONNECT
/*C17*/SET SCHEMA PUBLIC
INSERT INTO T_ACCOUNT VALUES(3,NULL,NULL,NULL,NULL,NULL,NULL,NULL,NULL,NULL,NULL,NULL,'2016-11-20 19:31:43.051000',NULL,'1234',NULL,NULL,NULL,NULL,NULL,NULL,NULL,NULL,NULL,NULL,'u')
INSERT INTO T_ACCOUNT_T_ROLE VALUES(3,2)
COMMIT
DISCONNECT
/*C18*/SET SCHEMA PUBLIC
DISCONNECT
/*C19*/SET SCHEMA PUBLIC
DISCONNECT
/*C20*/SET SCHEMA PUBLIC
INSERT INTO T_ACCOUNT VALUES(5,NULL,NULL,NULL,NULL,NULL,NULL,NULL,NULL,NULL,NULL,NULL,'2016-11-20 19:33:13.000000',NULL,'1234',NULL,NULL,NULL,NULL,NULL,NULL,NULL,NULL,NULL,NULL,'u3')
INSERT INTO T_ACCOUNT_T_ROLE VALUES(5,2)
COMMIT
DISCONNECT
/*C21*/SET SCHEMA PUBLIC
DISCONNECT
